{
  "stats": {
    "suites": 5,
    "tests": 14,
    "passes": 12,
    "pending": 0,
    "failures": 2,
    "start": "2023-09-19T16:15:33.588Z",
    "end": "2023-09-19T16:15:39.222Z",
    "duration": 5634,
    "testsRegistered": 14,
    "passPercent": 85.71428571428571,
    "pendingPercent": 0,
    "other": 0,
    "hasOther": false,
    "skipped": 0,
    "hasSkipped": false
  },
  "results": [
    {
      "uuid": "c4bb6ef4-1a6e-4253-824a-d5b8044a1da5",
      "title": "",
      "fullFile": "/home/val/dev/website/public/tests/issue/functional-tests.js",
      "file": "/public/tests/issue/functional-tests.js",
      "beforeHooks": [],
      "afterHooks": [],
      "tests": [],
      "suites": [
        {
          "uuid": "219e590b-e31c-49f2-8608-3da2be652acb",
          "title": "Functional Tests",
          "fullFile": "/home/val/dev/website/public/tests/issue/functional-tests.js",
          "file": "/public/tests/issue/functional-tests.js",
          "beforeHooks": [],
          "afterHooks": [],
          "tests": [],
          "suites": [
            {
              "uuid": "86c0c6f3-9e01-4548-956a-82589e17f775",
              "title": "POST Requests to /api/issues/{projectname}",
              "fullFile": "/home/val/dev/website/public/tests/issue/functional-tests.js",
              "file": "/public/tests/issue/functional-tests.js",
              "beforeHooks": [],
              "afterHooks": [],
              "tests": [
                {
                  "title": "Create an issue with every field",
                  "fullTitle": "Functional Tests POST Requests to /api/issues/{projectname} Create an issue with every field",
                  "timedOut": false,
                  "duration": 126,
                  "state": "passed",
                  "speed": "slow",
                  "pass": true,
                  "fail": false,
                  "pending": false,
                  "context": null,
                  "code": "chai\n  .request(server)\n  .post('/projects/qa/issue-tracker/api/issues/apitest')\n  .send({\n    \"issue_title\": \"Issue testf for chai\",\n    \"issue_text\": \"Issue with all fields filled for chai\",\n    \"created_by\": \"Chai tester\",\n    \"assigned_to\": \"chai\",\n    \"status_text\": \"in dev\"\n  })\n  .end(async (err, res) => {\n    if(err) return console.error(err)\n    assert.equal(res.status, 200);\n    assert.equal(res.body.issue_title,'Issue testf for chai');\n    assert.equal(res.body.issue_text,'Issue with all fields filled for chai');\n    assert.equal(res.body.created_by,'Chai tester');\n    assert.equal(res.body.assigned_to,'chai');\n    assert.equal(res.body.status_text,'in dev');\n    assert.equal(res.body.open,true);\n    _id = res.body._id\n    try {\n      let issue = await Issue.findById(_id);\n      ({_id, updated_on, created_on, open, status_text, assigned_to, created_by, issue_text, issue_title} = issue)\n      // console.log(updated_on);\n      done();\n    } catch (e) {\n      console.error(e);\n      done();\n    }\n  })",
                  "err": {},
                  "uuid": "885d81ab-d927-4804-9d25-eb52a82eef5f",
                  "parentUUID": "86c0c6f3-9e01-4548-956a-82589e17f775",
                  "isHook": false,
                  "skipped": false
                },
                {
                  "title": "Create an issue with only required fields",
                  "fullTitle": "Functional Tests POST Requests to /api/issues/{projectname} Create an issue with only required fields",
                  "timedOut": false,
                  "duration": 43,
                  "state": "passed",
                  "speed": "medium",
                  "pass": true,
                  "fail": false,
                  "pending": false,
                  "context": null,
                  "code": "chai\n  .request(server)\n  .post('/projects/qa/issue-tracker/api/issues/apitest')\n  .send({\n    \"issue_title\": \"Issue test for chai\",\n    \"issue_text\": \"Issue with only required fields for chai\",\n    \"created_by\": \"Chai tester\",\n  })\n  .end((err, res) => {\n    if(err) return console.error(err)\n    assert.equal(res.status, 200);\n    assert.equal(res.body.issue_title,'Issue test for chai');\n    assert.equal(res.body.issue_text,'Issue with only required fields for chai');\n    assert.equal(res.body.created_by,'Chai tester');\n    assert.equal(res.body.open,true);\n    done();\n  })",
                  "err": {},
                  "uuid": "1ab6a204-3e06-48ea-ae28-1fb3beeda4c1",
                  "parentUUID": "86c0c6f3-9e01-4548-956a-82589e17f775",
                  "isHook": false,
                  "skipped": false
                },
                {
                  "title": "Create an issue with missing required fields",
                  "fullTitle": "Functional Tests POST Requests to /api/issues/{projectname} Create an issue with missing required fields",
                  "timedOut": false,
                  "duration": 1,
                  "state": "passed",
                  "speed": "fast",
                  "pass": true,
                  "fail": false,
                  "pending": false,
                  "context": null,
                  "code": "chai\n  .request(server)\n  .post('/projects/qa/issue-tracker/api/issues/apitest')\n  .send({\n    \"issue_title\": \"Issue missing required fields for chai\",\n    \"created_by\": \"Chai tester\",\n  })\n  .end((err, res) => {\n    if(err) return console.error(err)\n    assert.equal(res.status, 200);\n    assert.equal(res.body.error,'required field(s) missing');\n    done();\n  })",
                  "err": {},
                  "uuid": "d4283eda-67ed-4a5d-8cbd-491a91e7e304",
                  "parentUUID": "86c0c6f3-9e01-4548-956a-82589e17f775",
                  "isHook": false,
                  "skipped": false
                }
              ],
              "suites": [],
              "passes": [
                "885d81ab-d927-4804-9d25-eb52a82eef5f",
                "1ab6a204-3e06-48ea-ae28-1fb3beeda4c1",
                "d4283eda-67ed-4a5d-8cbd-491a91e7e304"
              ],
              "failures": [],
              "pending": [],
              "skipped": [],
              "duration": 170,
              "root": false,
              "rootEmpty": false,
              "_timeout": 5000
            },
            {
              "uuid": "0da09454-a375-4a84-86ff-51408b995ded",
              "title": "GET Requests to /api/issues/{projectname}",
              "fullFile": "/home/val/dev/website/public/tests/issue/functional-tests.js",
              "file": "/public/tests/issue/functional-tests.js",
              "beforeHooks": [],
              "afterHooks": [],
              "tests": [
                {
                  "title": "View issues on a project",
                  "fullTitle": "Functional Tests GET Requests to /api/issues/{projectname} View issues on a project",
                  "timedOut": false,
                  "duration": 135,
                  "state": "passed",
                  "speed": "slow",
                  "pass": true,
                  "fail": false,
                  "pending": false,
                  "context": null,
                  "code": "chai\n  .request(server)\n  .get('/projects/qa/issue-tracker/api/issues/apitest')\n  .end((err, res) => {\n    if(err) return console.error(err)\n    assert.equal(res.status, 200)\n    assert.isArray(res.body)\n    assert.property(res.body[0], 'issue_title')\n    assert.property(res.body[0], 'issue_text')\n    assert.property(res.body[0], 'created_on')\n    assert.property(res.body[0], 'updated_on')\n    assert.property(res.body[0], 'created_by')\n    assert.property(res.body[0], 'assigned_to')\n    assert.property(res.body[0], 'open')\n    assert.property(res.body[0], 'status_text')\n    assert.property(res.body[0], '_id')\n    done();\n  })",
                  "err": {},
                  "uuid": "08234726-baae-498e-8918-0880492ec163",
                  "parentUUID": "0da09454-a375-4a84-86ff-51408b995ded",
                  "isHook": false,
                  "skipped": false
                },
                {
                  "title": "View issues on a project with a filter",
                  "fullTitle": "Functional Tests GET Requests to /api/issues/{projectname} View issues on a project with a filter",
                  "timedOut": false,
                  "duration": 39,
                  "state": "passed",
                  "speed": "medium",
                  "pass": true,
                  "fail": false,
                  "pending": false,
                  "context": null,
                  "code": "chai\n  .request(server)\n  .get('/projects/qa/issue-tracker/api/issues/apitest')\n  .query({issue_title: issue_title})\n  .end((err, res) => {\n    if(err) {\n      console.error(err)\n      done();\n    }\n    assert.equal(res.status, 200)\n    assert.isArray(res.body)\n    assert.property(res.body[0], 'issue_title')\n    assert.strictEqual(res.body[0].issue_title, issue_title)\n    assert.property(res.body[0], 'issue_text')\n    assert.strictEqual(res.body[0].issue_text, issue_text)\n    assert.property(res.body[0], 'created_on')\n    assert.property(res.body[0], 'updated_on')\n    assert.property(res.body[0], 'created_by')\n    assert.strictEqual(res.body[0].created_by, created_by)\n    assert.property(res.body[0], 'assigned_to')\n    assert.strictEqual(res.body[0].assigned_to, assigned_to)\n    assert.property(res.body[0], 'open')\n    assert.strictEqual(res.body[0].open, open)\n    assert.property(res.body[0], 'status_text')\n    assert.strictEqual(res.body[0].status_text, status_text)\n    assert.property(res.body[0], '_id')\n    done();\n  });",
                  "err": {},
                  "uuid": "e345e9a8-ea1d-4f6e-ad8d-e9206655cc59",
                  "parentUUID": "0da09454-a375-4a84-86ff-51408b995ded",
                  "isHook": false,
                  "skipped": false
                },
                {
                  "title": "View issues on a project with multiple filters",
                  "fullTitle": "Functional Tests GET Requests to /api/issues/{projectname} View issues on a project with multiple filters",
                  "timedOut": false,
                  "duration": 52,
                  "state": "passed",
                  "speed": "medium",
                  "pass": true,
                  "fail": false,
                  "pending": false,
                  "context": null,
                  "code": "chai\n  .request(server)\n  .get('/projects/qa/issue-tracker/api/issues/apitest')\n  .query({issue_title: issue_title, issue_text: issue_text})\n  .end((err, res) => {\n    if(err) {\n      console.error(err)\n      done();\n    }\n    assert.equal(res.status, 200)\n    assert.isArray(res.body)\n    assert.property(res.body[0], 'issue_title')\n    assert.strictEqual(res.body[0].issue_title, issue_title)\n    assert.property(res.body[0], 'issue_text')\n    assert.strictEqual(res.body[0].issue_text, issue_text)\n    assert.property(res.body[0], 'created_on')\n    assert.property(res.body[0], 'updated_on')\n    assert.property(res.body[0], 'created_by')\n    assert.strictEqual(res.body[0].created_by, created_by)\n    assert.property(res.body[0], 'assigned_to')\n    assert.strictEqual(res.body[0].assigned_to, assigned_to)\n    assert.property(res.body[0], 'open')\n    assert.strictEqual(res.body[0].open, open)\n    assert.property(res.body[0], 'status_text')\n    assert.strictEqual(res.body[0].status_text, status_text)\n    assert.property(res.body[0], '_id')\n    done();\n  });",
                  "err": {},
                  "uuid": "ec527279-05ab-47f4-853f-7c29f1fdb773",
                  "parentUUID": "0da09454-a375-4a84-86ff-51408b995ded",
                  "isHook": false,
                  "skipped": false
                }
              ],
              "suites": [],
              "passes": [
                "08234726-baae-498e-8918-0880492ec163",
                "e345e9a8-ea1d-4f6e-ad8d-e9206655cc59",
                "ec527279-05ab-47f4-853f-7c29f1fdb773"
              ],
              "failures": [],
              "pending": [],
              "skipped": [],
              "duration": 226,
              "root": false,
              "rootEmpty": false,
              "_timeout": 5000
            },
            {
              "uuid": "840caca6-d515-4478-add3-8bb119ed33d9",
              "title": "PUT Requests to /api/issues/{projectname}",
              "fullFile": "/home/val/dev/website/public/tests/issue/functional-tests.js",
              "file": "/public/tests/issue/functional-tests.js",
              "beforeHooks": [],
              "afterHooks": [],
              "tests": [
                {
                  "title": "Update one field on an issue",
                  "fullTitle": "Functional Tests PUT Requests to /api/issues/{projectname} Update one field on an issue",
                  "timedOut": false,
                  "duration": 80,
                  "state": "passed",
                  "speed": "slow",
                  "pass": true,
                  "fail": false,
                  "pending": false,
                  "context": null,
                  "code": "chai\n  .request(server)\n  .put('/projects/qa/issue-tracker/api/issues/apitest')\n  .send({\n    _id:_id,\n    issue_text: \"This is a new description for my issue\"\n  })\n  .end((err, res) => {\n    let id = _id.toHexString();\n    if(err) return console.error(err)\n    assert.equal(res.status, 200)\n    assert.isObject(res.body)\n    assert.strictEqual(res.body.result, 'successfully updated')\n    assert.strictEqual(res.body[\"_id\"], id)\n    done();\n  })",
                  "err": {},
                  "uuid": "506f4735-10f8-4914-99e4-3bc658efd00b",
                  "parentUUID": "840caca6-d515-4478-add3-8bb119ed33d9",
                  "isHook": false,
                  "skipped": false
                },
                {
                  "title": "Update multiple fields on an issue",
                  "fullTitle": "Functional Tests PUT Requests to /api/issues/{projectname} Update multiple fields on an issue",
                  "timedOut": true,
                  "duration": 5002,
                  "state": "failed",
                  "speed": null,
                  "pass": false,
                  "fail": true,
                  "pending": false,
                  "context": null,
                  "code": "chai\n  .request(server)\n  .put('api/issues/apitest')\n  .send({\n    _id:_id,\n    issue_text: \"This is a new description for my issue\",\n    issue_title: \"This is a much better title now\"\n  })\n  .end((err, res) => {\n    let id = _id.toHexString();\n    if(err) return console.error(err)\n    assert.equal(res.status, 200)\n    assert.isObject(res.body)\n    assert.strictEqual(res.body.result, 'successfully updated')\n    assert.strictEqual(res.body[\"_id\"], id)\n    done();\n  })",
                  "err": {
                    "message": "Error: Timeout of 5000ms exceeded. For async tests and hooks, ensure \"done()\" is called; if returning a Promise, ensure it resolves. (/home/val/dev/website/public/tests/issue/functional-tests.js)",
                    "estack": "Error: Timeout of 5000ms exceeded. For async tests and hooks, ensure \"done()\" is called; if returning a Promise, ensure it resolves. (/home/val/dev/website/public/tests/issue/functional-tests.js)\n    at listOnTimeout (internal/timers.js:554:17)\n    at processTimers (internal/timers.js:497:7)",
                    "diff": null
                  },
                  "uuid": "d227044c-816c-4e27-85de-1315f92675c7",
                  "parentUUID": "840caca6-d515-4478-add3-8bb119ed33d9",
                  "isHook": false,
                  "skipped": false
                },
                {
                  "title": "Update an issue with missing _id",
                  "fullTitle": "Functional Tests PUT Requests to /api/issues/{projectname} Update an issue with missing _id",
                  "timedOut": false,
                  "duration": 4,
                  "state": "passed",
                  "speed": "fast",
                  "pass": true,
                  "fail": false,
                  "pending": false,
                  "context": null,
                  "code": "chai\n  .request(server)\n  .put('/projects/qa/issue-tracker/api/issues/apitest')\n  .send({\n    issue_text: \"This is a new description for my issue\",\n    issue_title: \"This is a much better title now\"\n  })\n  .end((err, res) => {\n    if(err) return console.error(err)\n    assert.equal(res.status, 200)\n    assert.isObject(res.body)\n    assert.strictEqual(res.body.error, 'missing _id')\n    done();\n  })",
                  "err": {},
                  "uuid": "65302dc1-bd09-4291-bcfe-0f1b51e9058b",
                  "parentUUID": "840caca6-d515-4478-add3-8bb119ed33d9",
                  "isHook": false,
                  "skipped": false
                },
                {
                  "title": "Update an issue with no fields to update",
                  "fullTitle": "Functional Tests PUT Requests to /api/issues/{projectname} Update an issue with no fields to update",
                  "timedOut": false,
                  "duration": 5,
                  "state": "failed",
                  "speed": null,
                  "pass": false,
                  "fail": true,
                  "pending": false,
                  "context": null,
                  "code": "chai\n  .request(server)\n  .put('/api/issues/apitest')\n  .send({\n    _id: _id\n  })\n  .end((err, res) => {\n    if(err) return console.error(err)\n    assert.equal(res.status, 200)\n    assert.isObject(res.body)\n    assert.strictEqual(res.body.error, 'no update field(s) sent')\n    assert.strictEqual(res.body._id, _id.toHexString())\n    done();\n  })",
                  "err": {
                    "message": "AssertionError: expected 404 to equal 200",
                    "estack": "AssertionError: expected 404 to equal 200\n    at /home/val/dev/website/public/tests/issue/functional-tests.js:232:18\n    at Test.Request.callback (node_modules/superagent/lib/node/index.js:857:12)\n    at IncomingMessage.<anonymous> (node_modules/superagent/lib/node/index.js:1070:18)\n    at endReadableNT (_stream_readable.js:1241:12)\n    at processTicksAndRejections (internal/process/task_queues.js:84:21)",
                    "diff": "- 404\n+ 200\n"
                  },
                  "uuid": "5807d64f-0675-46de-bed1-3062b7536714",
                  "parentUUID": "840caca6-d515-4478-add3-8bb119ed33d9",
                  "isHook": false,
                  "skipped": false
                },
                {
                  "title": "Update an issue with an invalid _id",
                  "fullTitle": "Functional Tests PUT Requests to /api/issues/{projectname} Update an issue with an invalid _id",
                  "timedOut": false,
                  "duration": 40,
                  "state": "passed",
                  "speed": "medium",
                  "pass": true,
                  "fail": false,
                  "pending": false,
                  "context": null,
                  "code": "let fakeID = new mongoose.Types.ObjectId(\"97c527013a3813a7558392ce\");\nchai\n  .request(server)\n  .put('/projects/qa/issue-tracker/api/issues/apitest')\n  .send({\n    _id: fakeID,\n    issue_text: \"This is a failed attempt at updating an issue\"\n  })\n  .end((err, res) => {\n    let id = fakeID.toHexString()\n    if(err) return console.error(err)\n    assert.equal(res.status, 200)\n    assert.isObject(res.body)\n    assert.strictEqual(res.body.error, 'could not update')\n    assert.strictEqual(res.body._id, id)\n    done();\n  })",
                  "err": {},
                  "uuid": "22308f95-9c9c-400f-a3ce-c1c9661af9b1",
                  "parentUUID": "840caca6-d515-4478-add3-8bb119ed33d9",
                  "isHook": false,
                  "skipped": false
                }
              ],
              "suites": [],
              "passes": [
                "506f4735-10f8-4914-99e4-3bc658efd00b",
                "65302dc1-bd09-4291-bcfe-0f1b51e9058b",
                "22308f95-9c9c-400f-a3ce-c1c9661af9b1"
              ],
              "failures": [
                "d227044c-816c-4e27-85de-1315f92675c7",
                "5807d64f-0675-46de-bed1-3062b7536714"
              ],
              "pending": [],
              "skipped": [],
              "duration": 5131,
              "root": false,
              "rootEmpty": false,
              "_timeout": 5000
            },
            {
              "uuid": "370af7be-5c81-4d78-8e39-cf347780bef8",
              "title": "DELETE Requests to /api/issues/{projectname}",
              "fullFile": "/home/val/dev/website/public/tests/issue/functional-tests.js",
              "file": "/public/tests/issue/functional-tests.js",
              "beforeHooks": [],
              "afterHooks": [],
              "tests": [
                {
                  "title": "Delete an issue",
                  "fullTitle": "Functional Tests DELETE Requests to /api/issues/{projectname} Delete an issue",
                  "timedOut": false,
                  "duration": 45,
                  "state": "passed",
                  "speed": "medium",
                  "pass": true,
                  "fail": false,
                  "pending": false,
                  "context": null,
                  "code": "chai\n  .request(server)\n  .delete('/projects/qa/issue-tracker/api/issues/apitest')\n  .send({\n    _id:_id\n  })\n  .end((err, res) => {\n    let id = _id.toHexString();\n    if(err) return console.error(err)\n    assert.equal(res.status, 200)\n    assert.isObject(res.body)\n    assert.strictEqual(res.body.result, 'successfully deleted')\n    assert.strictEqual(res.body[\"_id\"], id)\n    done();\n  })",
                  "err": {},
                  "uuid": "9fd41fa6-9d3e-4bf4-a8fe-51aa7c38f894",
                  "parentUUID": "370af7be-5c81-4d78-8e39-cf347780bef8",
                  "isHook": false,
                  "skipped": false
                },
                {
                  "title": "Delete an issue with an invalid _id",
                  "fullTitle": "Functional Tests DELETE Requests to /api/issues/{projectname} Delete an issue with an invalid _id",
                  "timedOut": false,
                  "duration": 38,
                  "state": "passed",
                  "speed": "medium",
                  "pass": true,
                  "fail": false,
                  "pending": false,
                  "context": null,
                  "code": "chai\n  .request(server)\n  .delete('/projects/qa/issue-tracker/api/issues/apitest')\n  .send({\n    _id: fakeID\n  })\n  .end((err, res) => {\n    let id = fakeID.toHexString();\n    if(err) return console.error(err)\n    assert.equal(res.status, 200)\n    assert.isObject(res.body)\n    assert.strictEqual(res.body.error, 'could not delete')\n    assert.strictEqual(res.body[\"_id\"], id)\n    done();\n  })",
                  "err": {},
                  "uuid": "d85c2393-518b-45ff-8c84-5583b7647d96",
                  "parentUUID": "370af7be-5c81-4d78-8e39-cf347780bef8",
                  "isHook": false,
                  "skipped": false
                },
                {
                  "title": "Delete an issue with a missing _id",
                  "fullTitle": "Functional Tests DELETE Requests to /api/issues/{projectname} Delete an issue with a missing _id",
                  "timedOut": false,
                  "duration": 4,
                  "state": "passed",
                  "speed": "fast",
                  "pass": true,
                  "fail": false,
                  "pending": false,
                  "context": null,
                  "code": "chai\n  .request(server)\n  .delete('/projects/qa/issue-tracker/api/issues/apitest')\n  .send({\n    _id: \"\" \n  })\n  .end((err, res) => {\n    if(err) return console.error(err)\n    assert.equal(res.status, 200)\n    assert.isObject(res.body)\n    assert.strictEqual(res.body.error, 'missing _id')\n    done();\n  })",
                  "err": {},
                  "uuid": "2abe702d-4951-4fb1-8d27-bf42f1c3c59e",
                  "parentUUID": "370af7be-5c81-4d78-8e39-cf347780bef8",
                  "isHook": false,
                  "skipped": false
                }
              ],
              "suites": [],
              "passes": [
                "9fd41fa6-9d3e-4bf4-a8fe-51aa7c38f894",
                "d85c2393-518b-45ff-8c84-5583b7647d96",
                "2abe702d-4951-4fb1-8d27-bf42f1c3c59e"
              ],
              "failures": [],
              "pending": [],
              "skipped": [],
              "duration": 87,
              "root": false,
              "rootEmpty": false,
              "_timeout": 5000
            }
          ],
          "passes": [],
          "failures": [],
          "pending": [],
          "skipped": [],
          "duration": 0,
          "root": false,
          "rootEmpty": false,
          "_timeout": 5000
        }
      ],
      "passes": [],
      "failures": [],
      "pending": [],
      "skipped": [],
      "duration": 0,
      "root": true,
      "rootEmpty": true,
      "_timeout": 2000
    }
  ],
  "meta": {
    "mocha": {
      "version": "10.2.0"
    },
    "mochawesome": {
      "options": {
        "quiet": false,
        "reportFilename": "mochawesome-issue",
        "saveHtml": true,
        "saveJson": true,
        "consoleReporter": "spec",
        "useInlineDiffs": false,
        "code": true
      },
      "version": "7.1.3"
    },
    "marge": {
      "options": {
        "reportDir": "./public/mochawesome-reports/issue",
        "reportFilename": "mochawesome-issue",
        "reportTitle": "Issue Tracker Tests",
        "reportPageTitle": "Issue Tracker Tests",
        "charts": true
      },
      "version": "6.2.0"
    }
  }
}