{
  "stats": {
    "suites": 2,
    "tests": 5,
    "passes": 5,
    "pending": 0,
    "failures": 0,
    "start": "2023-09-30T14:30:41.318Z",
    "end": "2023-09-30T14:30:47.557Z",
    "duration": 6239,
    "testsRegistered": 5,
    "passPercent": 100,
    "pendingPercent": 0,
    "other": 0,
    "hasOther": false,
    "skipped": 0,
    "hasSkipped": false
  },
  "results": [
    {
      "uuid": "e6abf246-9a8b-4717-bc54-6412244e7a0d",
      "title": "",
      "fullFile": "/home/val/dev/website/public/tests/stock/functional_tests.js",
      "file": "/public/tests/stock/functional_tests.js",
      "beforeHooks": [],
      "afterHooks": [],
      "tests": [],
      "suites": [
        {
          "uuid": "ed6d8cfa-95c9-478f-8ba3-dfa1e726629d",
          "title": "Functional Tests",
          "fullFile": "/home/val/dev/website/public/tests/stock/functional_tests.js",
          "file": "/public/tests/stock/functional_tests.js",
          "beforeHooks": [],
          "afterHooks": [],
          "tests": [],
          "suites": [
            {
              "uuid": "44a79567-d7a9-4ee0-8678-b003b4fdad1b",
              "title": "GET /api/stock-prices => stockData object",
              "fullFile": "/home/val/dev/website/public/tests/stock/functional_tests.js",
              "file": "/public/tests/stock/functional_tests.js",
              "beforeHooks": [],
              "afterHooks": [],
              "tests": [
                {
                  "title": "viewing one stock",
                  "fullTitle": "Functional Tests GET /api/stock-prices => stockData object viewing one stock",
                  "timedOut": false,
                  "duration": 955,
                  "state": "passed",
                  "speed": "slow",
                  "pass": true,
                  "fail": false,
                  "pending": false,
                  "context": null,
                  "code": "chai.request(server)\n  .get('/projects/is/stock-price-checker/api/stock-prices')\n  .query({stock: 'nabl'})\n  .end(function(err, res){\n    if(err) console.log(err);\n    assert.equal(res.status, 200);\n    assert.equal(res.body.stockData.stock, 'NABL');\n    assert.isNumber(res.body.stockData.price);\n    assert.isNumber(res.body.stockData.likes);\n    done();\n  });",
                  "err": {},
                  "uuid": "c30e05aa-1da4-4a27-8a34-b310e3203799",
                  "parentUUID": "44a79567-d7a9-4ee0-8678-b003b4fdad1b",
                  "isHook": false,
                  "skipped": false
                },
                {
                  "title": "viewing one stock and liking it",
                  "fullTitle": "Functional Tests GET /api/stock-prices => stockData object viewing one stock and liking it",
                  "timedOut": false,
                  "duration": 760,
                  "state": "passed",
                  "speed": "slow",
                  "pass": true,
                  "fail": false,
                  "pending": false,
                  "context": null,
                  "code": "chai.request(server)\n  .get('/projects/is/stock-price-checker/api/stock-prices')\n  .query({stock: 'gme', like: \"true\"})\n  .end(function(err, res){\n    if(err) console.log(err);\n    assert.equal(res.status, 200);\n    assert.equal(res.body.stockData.stock, 'GME');\n    assert.isNumber(res.body.stockData.price);\n    assert.isNumber(res.body.stockData.likes);\n    witness = res.body.stockData.likes\n    assert.isAbove(res.body.stockData.likes, 0);\n    done();\n  });",
                  "err": {},
                  "uuid": "1b721727-ee8b-48f6-8e1b-b1c29d4d870f",
                  "parentUUID": "44a79567-d7a9-4ee0-8678-b003b4fdad1b",
                  "isHook": false,
                  "skipped": false
                },
                {
                  "title": "viewing the same stock and liking it again",
                  "fullTitle": "Functional Tests GET /api/stock-prices => stockData object viewing the same stock and liking it again",
                  "timedOut": false,
                  "duration": 709,
                  "state": "passed",
                  "speed": "slow",
                  "pass": true,
                  "fail": false,
                  "pending": false,
                  "context": null,
                  "code": "chai.request(server)\n  .get('/projects/is/stock-price-checker/api/stock-prices')\n  .query({stock: 'gme', like: \"true\"})\n  .end(function(err, res){\n    if(err) console.log(err);\n    assert.equal(res.status, 200);\n    assert.equal(res.body.stockData.stock, 'GME');\n    assert.isNumber(res.body.stockData.price);\n    assert.isNumber(res.body.stockData.likes);\n    assert.equal(res.body.stockData.likes, witness);\n    done();\n  });",
                  "err": {},
                  "uuid": "965fcbc8-6118-48b4-b8cf-16359dfd1df1",
                  "parentUUID": "44a79567-d7a9-4ee0-8678-b003b4fdad1b",
                  "isHook": false,
                  "skipped": false
                },
                {
                  "title": "viewing two stocks",
                  "fullTitle": "Functional Tests GET /api/stock-prices => stockData object viewing two stocks",
                  "timedOut": false,
                  "duration": 2433,
                  "state": "passed",
                  "speed": "slow",
                  "pass": true,
                  "fail": false,
                  "pending": false,
                  "context": null,
                  "code": "chai.request(server)\n  .get('/projects/is/stock-price-checker/api/stock-prices')\n  .query({stock: ['nabl', 'meta']})\n  .end(function(err, res){\n    if(err) console.log(err);\n    assert.equal(res.status, 200);\n    assert.equal(res.body.stockData[0].stock, 'NABL');\n    assert.equal(res.body.stockData[1].stock, 'META');\n    assert.isNumber(res.body.stockData[0].price);\n    assert.isNumber(res.body.stockData[0].rel_likes);\n    assert.isNumber(res.body.stockData[1].price);\n    assert.isNumber(res.body.stockData[1].rel_likes);\n    done();\n  });",
                  "err": {},
                  "uuid": "ed7586ab-5252-4307-8fd8-18f1f1db9e7e",
                  "parentUUID": "44a79567-d7a9-4ee0-8678-b003b4fdad1b",
                  "isHook": false,
                  "skipped": false
                },
                {
                  "title": "viewing two stocks and liking them",
                  "fullTitle": "Functional Tests GET /api/stock-prices => stockData object viewing two stocks and liking them",
                  "timedOut": false,
                  "duration": 1360,
                  "state": "passed",
                  "speed": "slow",
                  "pass": true,
                  "fail": false,
                  "pending": false,
                  "context": null,
                  "code": "chai.request(server)\n  .get('/projects/is/stock-price-checker/api/stock-prices')\n  .query({stock: ['nabl', 'meta'], like: \"true\"})\n  .end(function(err, res){\n    if(err) console.log(err);\n    assert.equal(res.status, 200);\n    assert.equal(res.body.stockData[0].stock, 'NABL');\n    assert.equal(res.body.stockData[1].stock, 'META');\n    assert.isNumber(res.body.stockData[0].price);\n    assert.isNumber(res.body.stockData[0].rel_likes);\n    assert.isNumber(res.body.stockData[1].price);\n    assert.isNumber(res.body.stockData[1].rel_likes);\n    done();\n  });",
                  "err": {},
                  "uuid": "70599d98-6f15-42c7-b380-220a7fb360f6",
                  "parentUUID": "44a79567-d7a9-4ee0-8678-b003b4fdad1b",
                  "isHook": false,
                  "skipped": false
                }
              ],
              "suites": [],
              "passes": [
                "c30e05aa-1da4-4a27-8a34-b310e3203799",
                "1b721727-ee8b-48f6-8e1b-b1c29d4d870f",
                "965fcbc8-6118-48b4-b8cf-16359dfd1df1",
                "ed7586ab-5252-4307-8fd8-18f1f1db9e7e",
                "70599d98-6f15-42c7-b380-220a7fb360f6"
              ],
              "failures": [],
              "pending": [],
              "skipped": [],
              "duration": 6217,
              "root": false,
              "rootEmpty": false,
              "_timeout": 5000
            }
          ],
          "passes": [],
          "failures": [],
          "pending": [],
          "skipped": [],
          "duration": 0,
          "root": false,
          "rootEmpty": false,
          "_timeout": 2000
        }
      ],
      "passes": [],
      "failures": [],
      "pending": [],
      "skipped": [],
      "duration": 0,
      "root": true,
      "rootEmpty": true,
      "_timeout": 2000
    }
  ],
  "meta": {
    "mocha": {
      "version": "10.2.0"
    },
    "mochawesome": {
      "options": {
        "quiet": false,
        "reportFilename": "mochawesome-stock",
        "saveHtml": true,
        "saveJson": true,
        "consoleReporter": "spec",
        "useInlineDiffs": false,
        "code": true
      },
      "version": "7.1.3"
    },
    "marge": {
      "options": {
        "reportDir": "./public/mochawesome-reports/",
        "reportFilename": "mochawesome-stock",
        "reportTitle": "Stock Price Checker Tests",
        "reportPageTitle": "Stock Price Checker Tests",
        "charts": true
      },
      "version": "6.2.0"
    }
  }
}